<?xml version="1.0" encoding="UTF-8"?>
<testsuite xmlns:xsi="http://www.w3.org/2001/XMLSchema-instance" xsi:noNamespaceSchemaLocation="https://maven.apache.org/surefire/maven-surefire-plugin/xsd/surefire-test-report-3.0.xsd" version="3.0" name="de.dkh.core.ValidatorTest" time="0.153" tests="8" errors="0" skipped="0" failures="0">
  <properties>
[...]
</properties>
  <testcase name="validateMailTest1" classname="de.dkh.core.ValidatorTest" time="0.042"/>
  <testcase name="validateMailTest2" classname="de.dkh.core.ValidatorTest" time="0.002"/>
  <testcase name="validateMailTest3(String)[1]" classname="de.dkh.core.ValidatorTest" time="0.029"/>
  <testcase name="validateMailTest3(String)[2]" classname="de.dkh.core.ValidatorTest" time="0.001"/>
  <testcase name="validateMailTest3(String)[3]" classname="de.dkh.core.ValidatorTest" time="0.001"/>
  <testcase name="validateFieldsTest1" classname="de.dkh.core.ValidatorTest" time="0.002"/>
  <testcase name="validateFieldsTest2" classname="de.dkh.core.ValidatorTest" time="0.001"/>
  <testcase name="validateFieldsTest3" classname="de.dkh.core.ValidatorTest" time="0"/>
</testsuite>